{"/home/peter/code/calculator/js/calculator.js":{"path":"/home/peter/code/calculator/js/calculator.js","s":{"1":1,"2":0,"3":0,"4":0,"5":0,"6":0,"7":1,"8":0,"9":1,"10":0,"11":1,"12":0,"13":0,"14":0,"15":0,"16":0,"17":1,"18":0,"19":1,"20":0,"21":1,"22":0,"23":1,"24":0,"25":1,"26":0,"27":0,"28":0,"29":0,"30":0,"31":0,"32":0,"33":0,"34":0,"35":0,"36":1,"37":0,"38":0,"39":0,"40":0,"41":0,"42":0,"43":0,"44":0,"45":0,"46":0,"47":0,"48":0,"49":0,"50":0,"51":0,"52":0,"53":0,"54":0,"55":1,"56":0,"57":0,"58":0,"59":0,"60":0,"61":0,"62":0,"63":0,"64":0,"65":1,"66":0,"67":0,"68":0,"69":0,"70":0,"71":0,"72":0,"73":0,"74":0,"75":0,"76":0,"77":0,"78":0,"79":0,"80":1,"81":0,"82":0,"83":0,"84":0,"85":0,"86":0,"87":0,"88":0,"89":0,"90":0,"91":1,"92":0,"93":0,"94":0,"95":0,"96":0,"97":0,"98":0,"99":0,"100":0,"101":0,"102":1,"103":0,"104":0,"105":0,"106":0,"107":0,"108":0,"109":1,"110":0,"111":0,"112":0,"113":1,"114":0,"115":0,"116":0,"117":0,"118":0,"119":0,"120":0,"121":0,"122":0,"123":0,"124":0,"125":0,"126":0,"127":0,"128":1,"129":0,"130":0,"131":0,"132":0,"133":0,"134":0,"135":0,"136":0,"137":0,"138":1,"139":0,"140":0,"141":0,"142":0,"143":0,"144":0,"145":0,"146":0,"147":1,"148":0,"149":0,"150":0,"151":0,"152":0,"153":0,"154":0,"155":0,"156":0,"157":0,"158":0,"159":0,"160":0,"161":0,"162":0,"163":0,"164":0,"165":0,"166":0,"167":0,"168":0,"169":0,"170":0,"171":0,"172":0,"173":0,"174":0,"175":0,"176":0,"177":1,"178":0,"179":0,"180":0,"181":0,"182":0,"183":0,"184":0,"185":0,"186":0,"187":0,"188":0,"189":0,"190":0,"191":0,"192":0,"193":0,"194":0,"195":0,"196":0,"197":0,"198":0,"199":0,"200":0,"201":0,"202":0,"203":0,"204":0,"205":0,"206":0,"207":0,"208":0,"209":0,"210":0,"211":0,"212":0,"213":0,"214":0,"215":0,"216":0,"217":0,"218":0,"219":1,"220":0,"221":0,"222":0,"223":0,"224":0,"225":0,"226":0,"227":0,"228":0,"229":0,"230":0,"231":0,"232":0,"233":0,"234":0,"235":0,"236":0,"237":0,"238":0,"239":0,"240":1,"241":0,"242":0,"243":0,"244":0,"245":0,"246":0,"247":0,"248":0,"249":0,"250":0,"251":0,"252":0,"253":0,"254":0,"255":0,"256":0,"257":0,"258":0,"259":0,"260":0,"261":0,"262":1,"263":0,"264":0,"265":0,"266":0,"267":0,"268":0,"269":0,"270":0,"271":0,"272":0,"273":0,"274":0,"275":0,"276":0,"277":0,"278":0,"279":0,"280":0,"281":0,"282":0,"283":0,"284":0,"285":0,"286":0,"287":0,"288":0,"289":0,"290":0,"291":0,"292":0,"293":0,"294":0,"295":0,"296":0,"297":0,"298":0,"299":0,"300":0,"301":0,"302":0,"303":0,"304":0,"305":0,"306":0,"307":0,"308":0,"309":0,"310":0,"311":0,"312":0,"313":0,"314":0,"315":0,"316":0,"317":0,"318":0,"319":0,"320":0},"b":{"1":[0,0],"2":[0,0],"3":[0,0],"4":[0,0],"5":[0,0],"6":[0,0],"7":[0,0],"8":[0,0],"9":[0,0],"10":[0,0],"11":[0,0],"12":[0,0],"13":[0,0],"14":[0,0],"15":[0,0],"16":[0,0],"17":[0,0],"18":[0,0],"19":[0,0],"20":[0,0],"21":[0,0],"22":[0,0],"23":[0,0],"24":[0,0],"25":[0,0],"26":[0,0],"27":[0,0],"28":[0,0],"29":[0,0],"30":[0,0],"31":[0,0],"32":[0,0,0],"33":[0,0],"34":[0,0],"35":[0,0],"36":[0,0],"37":[0,0],"38":[0,0],"39":[0,0],"40":[0,0],"41":[0,0,0],"42":[0,0],"43":[0,0],"44":[0,0],"45":[0,0],"46":[0,0],"47":[0,0],"48":[0,0],"49":[0,0],"50":[0,0,0,0,0,0,0],"51":[0,0],"52":[0,0],"53":[0,0],"54":[0,0],"55":[0,0],"56":[0,0],"57":[0,0],"58":[0,0],"59":[0,0],"60":[0,0],"61":[0,0,0,0,0,0,0],"62":[0,0],"63":[0,0,0,0],"64":[0,0],"65":[0,0],"66":[0,0],"67":[0,0],"68":[0,0,0,0,0,0,0],"69":[0,0],"70":[0,0],"71":[0,0,0,0,0,0,0],"72":[0,0],"73":[0,0],"74":[0,0],"75":[0,0],"76":[0,0],"77":[0,0],"78":[0,0],"79":[0,0],"80":[0,0,0,0,0,0,0],"81":[0,0],"82":[0,0],"83":[0,0],"84":[0,0],"85":[0,0],"86":[0,0],"87":[0,0]},"f":{"1":0,"2":0,"3":0,"4":0,"5":0,"6":0,"7":0,"8":0,"9":0,"10":0,"11":0,"12":0,"13":0,"14":0,"15":0,"16":0,"17":0,"18":0,"19":0,"20":0,"21":0,"22":0,"23":0,"24":0},"fnMap":{"1":{"name":"(anonymous_1)","line":5,"loc":{"start":{"line":5,"column":17},"end":{"line":5,"column":28}}},"2":{"name":"setState","line":17,"loc":{"start":{"line":17,"column":2},"end":{"line":17,"column":31}}},"3":{"name":"getState","line":21,"loc":{"start":{"line":21,"column":2},"end":{"line":21,"column":22}}},"4":{"name":"sendKeyPress","line":25,"loc":{"start":{"line":25,"column":2},"end":{"line":25,"column":29}}},"5":{"name":"setKeyPress","line":33,"loc":{"start":{"line":33,"column":2},"end":{"line":33,"column":37}}},"6":{"name":"getKeyPress","line":37,"loc":{"start":{"line":37,"column":2},"end":{"line":37,"column":25}}},"7":{"name":"setScreenFlag","line":41,"loc":{"start":{"line":41,"column":2},"end":{"line":41,"column":31}}},"8":{"name":"getScreenFlag","line":45,"loc":{"start":{"line":45,"column":2},"end":{"line":45,"column":31}}},"9":{"name":"logInternals","line":49,"loc":{"start":{"line":49,"column":2},"end":{"line":49,"column":26}}},"10":{"name":"routeKeyPress","line":62,"loc":{"start":{"line":62,"column":2},"end":{"line":62,"column":27}}},"11":{"name":"trim","line":92,"loc":{"start":{"line":92,"column":2},"end":{"line":92,"column":21}}},"12":{"name":"operate","line":105,"loc":{"start":{"line":105,"column":2},"end":{"line":105,"column":28}}},"13":{"name":"reckonInside","line":128,"loc":{"start":{"line":128,"column":2},"end":{"line":128,"column":26}}},"14":{"name":"reckonOutside","line":144,"loc":{"start":{"line":144,"column":2},"end":{"line":144,"column":27}}},"15":{"name":"reckonAll","line":158,"loc":{"start":{"line":158,"column":2},"end":{"line":158,"column":23}}},"16":{"name":"divisionByZero","line":168,"loc":{"start":{"line":168,"column":2},"end":{"line":168,"column":28}}},"17":{"name":"setCalculatorState","line":186,"loc":{"start":{"line":186,"column":2},"end":{"line":186,"column":32}}},"18":{"name":"updateScreen","line":204,"loc":{"start":{"line":204,"column":2},"end":{"line":204,"column":26}}},"19":{"name":"clear","line":221,"loc":{"start":{"line":221,"column":2},"end":{"line":221,"column":19}}},"20":{"name":"setNumber","line":232,"loc":{"start":{"line":232,"column":2},"end":{"line":232,"column":23}}},"21":{"name":"setOperator","line":276,"loc":{"start":{"line":276,"column":2},"end":{"line":276,"column":25}}},"22":{"name":"flipSign","line":334,"loc":{"start":{"line":334,"column":2},"end":{"line":334,"column":22}}},"23":{"name":"appendDecimal","line":366,"loc":{"start":{"line":366,"column":2},"end":{"line":366,"column":27}}},"24":{"name":"calculateSquareRoot","line":403,"loc":{"start":{"line":403,"column":2},"end":{"line":403,"column":33}}}},"statementMap":{"1":{"start":{"line":5,"column":0},"end":{"line":508,"column":2}},"2":{"start":{"line":9,"column":2},"end":{"line":10,"column":29}},"3":{"start":{"line":12,"column":2},"end":{"line":12,"column":28}},"4":{"start":{"line":13,"column":2},"end":{"line":13,"column":25}},"5":{"start":{"line":14,"column":2},"end":{"line":14,"column":22}},"6":{"start":{"line":15,"column":2},"end":{"line":15,"column":16}},"7":{"start":{"line":17,"column":2},"end":{"line":19,"column":3}},"8":{"start":{"line":18,"column":4},"end":{"line":18,"column":22}},"9":{"start":{"line":21,"column":2},"end":{"line":23,"column":3}},"10":{"start":{"line":22,"column":4},"end":{"line":22,"column":17}},"11":{"start":{"line":25,"column":2},"end":{"line":31,"column":3}},"12":{"start":{"line":26,"column":4},"end":{"line":26,"column":21}},"13":{"start":{"line":27,"column":4},"end":{"line":27,"column":20}},"14":{"start":{"line":28,"column":4},"end":{"line":28,"column":25}},"15":{"start":{"line":29,"column":4},"end":{"line":29,"column":19}},"16":{"start":{"line":30,"column":4},"end":{"line":30,"column":66}},"17":{"start":{"line":33,"column":2},"end":{"line":35,"column":3}},"18":{"start":{"line":34,"column":4},"end":{"line":34,"column":40}},"19":{"start":{"line":37,"column":2},"end":{"line":39,"column":3}},"20":{"start":{"line":38,"column":4},"end":{"line":38,"column":21}},"21":{"start":{"line":41,"column":2},"end":{"line":43,"column":3}},"22":{"start":{"line":42,"column":4},"end":{"line":42,"column":23}},"23":{"start":{"line":45,"column":2},"end":{"line":47,"column":3}},"24":{"start":{"line":46,"column":4},"end":{"line":46,"column":23}},"25":{"start":{"line":49,"column":2},"end":{"line":60,"column":3}},"26":{"start":{"line":50,"column":4},"end":{"line":50,"column":20}},"27":{"start":{"line":51,"column":4},"end":{"line":51,"column":33}},"28":{"start":{"line":52,"column":4},"end":{"line":52,"column":33}},"29":{"start":{"line":53,"column":4},"end":{"line":53,"column":33}},"30":{"start":{"line":54,"column":4},"end":{"line":54,"column":33}},"31":{"start":{"line":55,"column":4},"end":{"line":55,"column":33}},"32":{"start":{"line":56,"column":4},"end":{"line":56,"column":37}},"33":{"start":{"line":57,"column":4},"end":{"line":57,"column":65}},"34":{"start":{"line":58,"column":4},"end":{"line":58,"column":25}},"35":{"start":{"line":59,"column":4},"end":{"line":59,"column":18}},"36":{"start":{"line":62,"column":2},"end":{"line":90,"column":3}},"37":{"start":{"line":63,"column":4},"end":{"line":64,"column":40}},"38":{"start":{"line":65,"column":4},"end":{"line":88,"column":5}},"39":{"start":{"line":66,"column":6},"end":{"line":66,"column":18}},"40":{"start":{"line":68,"column":9},"end":{"line":88,"column":5}},"41":{"start":{"line":69,"column":6},"end":{"line":71,"column":7}},"42":{"start":{"line":70,"column":8},"end":{"line":70,"column":25}},"43":{"start":{"line":72,"column":6},"end":{"line":72,"column":20}},"44":{"start":{"line":74,"column":9},"end":{"line":88,"column":5}},"45":{"start":{"line":75,"column":6},"end":{"line":75,"column":18}},"46":{"start":{"line":77,"column":9},"end":{"line":88,"column":5}},"47":{"start":{"line":78,"column":6},"end":{"line":78,"column":17}},"48":{"start":{"line":80,"column":9},"end":{"line":88,"column":5}},"49":{"start":{"line":81,"column":6},"end":{"line":81,"column":22}},"50":{"start":{"line":83,"column":9},"end":{"line":88,"column":5}},"51":{"start":{"line":84,"column":6},"end":{"line":84,"column":28}},"52":{"start":{"line":86,"column":9},"end":{"line":88,"column":5}},"53":{"start":{"line":87,"column":6},"end":{"line":87,"column":14}},"54":{"start":{"line":89,"column":4},"end":{"line":89,"column":38}},"55":{"start":{"line":92,"column":2},"end":{"line":103,"column":3}},"56":{"start":{"line":93,"column":5},"end":{"line":93,"column":35}},"57":{"start":{"line":94,"column":5},"end":{"line":94,"column":36}},"58":{"start":{"line":95,"column":5},"end":{"line":95,"column":60}},"59":{"start":{"line":96,"column":5},"end":{"line":101,"column":6}},"60":{"start":{"line":97,"column":8},"end":{"line":97,"column":22}},"61":{"start":{"line":98,"column":12},"end":{"line":101,"column":6}},"62":{"start":{"line":99,"column":8},"end":{"line":99,"column":106}},"63":{"start":{"line":100,"column":8},"end":{"line":100,"column":33}},"64":{"start":{"line":102,"column":5},"end":{"line":102,"column":27}},"65":{"start":{"line":105,"column":2},"end":{"line":126,"column":3}},"66":{"start":{"line":106,"column":5},"end":{"line":106,"column":19}},"67":{"start":{"line":107,"column":5},"end":{"line":107,"column":19}},"68":{"start":{"line":108,"column":5},"end":{"line":110,"column":6}},"69":{"start":{"line":109,"column":7},"end":{"line":109,"column":22}},"70":{"start":{"line":111,"column":5},"end":{"line":113,"column":6}},"71":{"start":{"line":112,"column":8},"end":{"line":112,"column":29}},"72":{"start":{"line":114,"column":5},"end":{"line":116,"column":6}},"73":{"start":{"line":115,"column":8},"end":{"line":115,"column":29}},"74":{"start":{"line":117,"column":5},"end":{"line":119,"column":6}},"75":{"start":{"line":118,"column":8},"end":{"line":118,"column":29}},"76":{"start":{"line":120,"column":5},"end":{"line":125,"column":6}},"77":{"start":{"line":121,"column":8},"end":{"line":123,"column":9}},"78":{"start":{"line":122,"column":11},"end":{"line":122,"column":29}},"79":{"start":{"line":124,"column":8},"end":{"line":124,"column":29}},"80":{"start":{"line":128,"column":2},"end":{"line":142,"column":3}},"81":{"start":{"line":129,"column":4},"end":{"line":131,"column":5}},"82":{"start":{"line":130,"column":6},"end":{"line":130,"column":13}},"83":{"start":{"line":132,"column":4},"end":{"line":135,"column":5}},"84":{"start":{"line":133,"column":6},"end":{"line":133,"column":23}},"85":{"start":{"line":134,"column":6},"end":{"line":134,"column":13}},"86":{"start":{"line":136,"column":4},"end":{"line":138,"column":5}},"87":{"start":{"line":137,"column":6},"end":{"line":137,"column":31}},"88":{"start":{"line":139,"column":4},"end":{"line":139,"column":64}},"89":{"start":{"line":140,"column":4},"end":{"line":140,"column":36}},"90":{"start":{"line":141,"column":4},"end":{"line":141,"column":21}},"91":{"start":{"line":144,"column":2},"end":{"line":156,"column":3}},"92":{"start":{"line":145,"column":4},"end":{"line":145,"column":63}},"93":{"start":{"line":145,"column":56},"end":{"line":145,"column":63}},"94":{"start":{"line":146,"column":4},"end":{"line":149,"column":5}},"95":{"start":{"line":147,"column":6},"end":{"line":147,"column":23}},"96":{"start":{"line":148,"column":6},"end":{"line":148,"column":13}},"97":{"start":{"line":150,"column":4},"end":{"line":152,"column":5}},"98":{"start":{"line":151,"column":6},"end":{"line":151,"column":31}},"99":{"start":{"line":153,"column":4},"end":{"line":153,"column":64}},"100":{"start":{"line":154,"column":4},"end":{"line":154,"column":36}},"101":{"start":{"line":155,"column":4},"end":{"line":155,"column":21}},"102":{"start":{"line":158,"column":2},"end":{"line":166,"column":3}},"103":{"start":{"line":159,"column":4},"end":{"line":159,"column":63}},"104":{"start":{"line":159,"column":56},"end":{"line":159,"column":63}},"105":{"start":{"line":160,"column":4},"end":{"line":165,"column":5}},"106":{"start":{"line":161,"column":6},"end":{"line":161,"column":21}},"107":{"start":{"line":162,"column":6},"end":{"line":162,"column":22}},"108":{"start":{"line":164,"column":6},"end":{"line":164,"column":22}},"109":{"start":{"line":168,"column":2},"end":{"line":172,"column":3}},"110":{"start":{"line":169,"column":4},"end":{"line":169,"column":29}},"111":{"start":{"line":170,"column":4},"end":{"line":170,"column":29}},"112":{"start":{"line":171,"column":4},"end":{"line":171,"column":29}},"113":{"start":{"line":186,"column":2},"end":{"line":202,"column":3}},"114":{"start":{"line":187,"column":6},"end":{"line":201,"column":7}},"115":{"start":{"line":188,"column":8},"end":{"line":188,"column":20}},"116":{"start":{"line":189,"column":13},"end":{"line":201,"column":7}},"117":{"start":{"line":190,"column":8},"end":{"line":190,"column":20}},"118":{"start":{"line":191,"column":13},"end":{"line":201,"column":7}},"119":{"start":{"line":192,"column":8},"end":{"line":192,"column":20}},"120":{"start":{"line":193,"column":13},"end":{"line":201,"column":7}},"121":{"start":{"line":194,"column":8},"end":{"line":194,"column":20}},"122":{"start":{"line":195,"column":13},"end":{"line":201,"column":7}},"123":{"start":{"line":196,"column":8},"end":{"line":196,"column":20}},"124":{"start":{"line":197,"column":13},"end":{"line":201,"column":7}},"125":{"start":{"line":198,"column":8},"end":{"line":198,"column":20}},"126":{"start":{"line":199,"column":13},"end":{"line":201,"column":7}},"127":{"start":{"line":200,"column":8},"end":{"line":200,"column":20}},"128":{"start":{"line":204,"column":2},"end":{"line":219,"column":3}},"129":{"start":{"line":205,"column":4},"end":{"line":205,"column":51}},"130":{"start":{"line":206,"column":4},"end":{"line":212,"column":5}},"131":{"start":{"line":207,"column":7},"end":{"line":211,"column":8}},"132":{"start":{"line":208,"column":10},"end":{"line":208,"column":33}},"133":{"start":{"line":210,"column":10},"end":{"line":210,"column":41}},"134":{"start":{"line":213,"column":4},"end":{"line":215,"column":5}},"135":{"start":{"line":214,"column":7},"end":{"line":214,"column":38}},"136":{"start":{"line":216,"column":4},"end":{"line":218,"column":5}},"137":{"start":{"line":217,"column":7},"end":{"line":217,"column":38}},"138":{"start":{"line":221,"column":2},"end":{"line":230,"column":3}},"139":{"start":{"line":222,"column":5},"end":{"line":222,"column":22}},"140":{"start":{"line":223,"column":5},"end":{"line":223,"column":22}},"141":{"start":{"line":224,"column":5},"end":{"line":224,"column":22}},"142":{"start":{"line":225,"column":5},"end":{"line":225,"column":22}},"143":{"start":{"line":226,"column":5},"end":{"line":226,"column":22}},"144":{"start":{"line":227,"column":5},"end":{"line":227,"column":55}},"145":{"start":{"line":228,"column":5},"end":{"line":228,"column":22}},"146":{"start":{"line":229,"column":5},"end":{"line":229,"column":26}},"147":{"start":{"line":232,"column":2},"end":{"line":274,"column":3}},"148":{"start":{"line":233,"column":4},"end":{"line":273,"column":5}},"149":{"start":{"line":235,"column":8},"end":{"line":235,"column":25}},"150":{"start":{"line":236,"column":8},"end":{"line":240,"column":9}},"151":{"start":{"line":237,"column":10},"end":{"line":237,"column":38}},"152":{"start":{"line":238,"column":15},"end":{"line":240,"column":9}},"153":{"start":{"line":239,"column":10},"end":{"line":239,"column":52}},"154":{"start":{"line":241,"column":8},"end":{"line":241,"column":14}},"155":{"start":{"line":243,"column":8},"end":{"line":243,"column":25}},"156":{"start":{"line":244,"column":8},"end":{"line":248,"column":9}},"157":{"start":{"line":245,"column":10},"end":{"line":245,"column":38}},"158":{"start":{"line":246,"column":15},"end":{"line":248,"column":9}},"159":{"start":{"line":247,"column":10},"end":{"line":247,"column":52}},"160":{"start":{"line":249,"column":8},"end":{"line":249,"column":14}},"161":{"start":{"line":251,"column":8},"end":{"line":255,"column":9}},"162":{"start":{"line":252,"column":10},"end":{"line":252,"column":38}},"163":{"start":{"line":253,"column":15},"end":{"line":255,"column":9}},"164":{"start":{"line":254,"column":10},"end":{"line":254,"column":52}},"165":{"start":{"line":256,"column":8},"end":{"line":256,"column":25}},"166":{"start":{"line":257,"column":8},"end":{"line":257,"column":14}},"167":{"start":{"line":259,"column":9},"end":{"line":259,"column":37}},"168":{"start":{"line":260,"column":9},"end":{"line":260,"column":26}},"169":{"start":{"line":261,"column":9},"end":{"line":261,"column":15}},"170":{"start":{"line":263,"column":9},"end":{"line":266,"column":10}},"171":{"start":{"line":264,"column":12},"end":{"line":264,"column":54}},"172":{"start":{"line":265,"column":12},"end":{"line":265,"column":29}},"173":{"start":{"line":267,"column":9},"end":{"line":267,"column":15}},"174":{"start":{"line":269,"column":9},"end":{"line":269,"column":15}},"175":{"start":{"line":271,"column":9},"end":{"line":271,"column":62}},"176":{"start":{"line":272,"column":9},"end":{"line":272,"column":15}},"177":{"start":{"line":276,"column":2},"end":{"line":332,"column":3}},"178":{"start":{"line":277,"column":4},"end":{"line":277,"column":34}},"179":{"start":{"line":278,"column":4},"end":{"line":331,"column":5}},"180":{"start":{"line":280,"column":9},"end":{"line":280,"column":33}},"181":{"start":{"line":281,"column":9},"end":{"line":281,"column":26}},"182":{"start":{"line":282,"column":9},"end":{"line":282,"column":15}},"183":{"start":{"line":284,"column":9},"end":{"line":284,"column":33}},"184":{"start":{"line":285,"column":9},"end":{"line":285,"column":26}},"185":{"start":{"line":286,"column":9},"end":{"line":286,"column":15}},"186":{"start":{"line":288,"column":9},"end":{"line":296,"column":10}},"187":{"start":{"line":289,"column":12},"end":{"line":289,"column":36}},"188":{"start":{"line":290,"column":12},"end":{"line":290,"column":29}},"189":{"start":{"line":292,"column":12},"end":{"line":292,"column":28}},"190":{"start":{"line":293,"column":12},"end":{"line":293,"column":29}},"191":{"start":{"line":294,"column":12},"end":{"line":294,"column":36}},"192":{"start":{"line":295,"column":12},"end":{"line":295,"column":29}},"193":{"start":{"line":297,"column":9},"end":{"line":297,"column":15}},"194":{"start":{"line":299,"column":9},"end":{"line":309,"column":10}},"195":{"start":{"line":300,"column":12},"end":{"line":300,"column":24}},"196":{"start":{"line":301,"column":12},"end":{"line":301,"column":29}},"197":{"start":{"line":302,"column":12},"end":{"line":302,"column":29}},"198":{"start":{"line":303,"column":12},"end":{"line":303,"column":36}},"199":{"start":{"line":304,"column":12},"end":{"line":304,"column":29}},"200":{"start":{"line":305,"column":12},"end":{"line":305,"column":29}},"201":{"start":{"line":307,"column":12},"end":{"line":307,"column":36}},"202":{"start":{"line":308,"column":12},"end":{"line":308,"column":29}},"203":{"start":{"line":310,"column":9},"end":{"line":310,"column":15}},"204":{"start":{"line":312,"column":9},"end":{"line":324,"column":10}},"205":{"start":{"line":313,"column":12},"end":{"line":313,"column":24}},"206":{"start":{"line":314,"column":12},"end":{"line":314,"column":29}},"207":{"start":{"line":315,"column":12},"end":{"line":315,"column":29}},"208":{"start":{"line":316,"column":12},"end":{"line":316,"column":36}},"209":{"start":{"line":317,"column":12},"end":{"line":317,"column":29}},"210":{"start":{"line":318,"column":12},"end":{"line":318,"column":29}},"211":{"start":{"line":320,"column":12},"end":{"line":320,"column":73}},"212":{"start":{"line":321,"column":12},"end":{"line":321,"column":29}},"213":{"start":{"line":322,"column":12},"end":{"line":322,"column":36}},"214":{"start":{"line":323,"column":12},"end":{"line":323,"column":29}},"215":{"start":{"line":325,"column":9},"end":{"line":325,"column":15}},"216":{"start":{"line":327,"column":9},"end":{"line":327,"column":15}},"217":{"start":{"line":329,"column":9},"end":{"line":329,"column":64}},"218":{"start":{"line":330,"column":9},"end":{"line":330,"column":15}},"219":{"start":{"line":334,"column":2},"end":{"line":364,"column":3}},"220":{"start":{"line":335,"column":4},"end":{"line":363,"column":5}},"221":{"start":{"line":337,"column":8},"end":{"line":340,"column":9}},"222":{"start":{"line":338,"column":10},"end":{"line":338,"column":60}},"223":{"start":{"line":339,"column":10},"end":{"line":339,"column":27}},"224":{"start":{"line":341,"column":8},"end":{"line":341,"column":14}},"225":{"start":{"line":343,"column":8},"end":{"line":343,"column":58}},"226":{"start":{"line":344,"column":8},"end":{"line":344,"column":25}},"227":{"start":{"line":345,"column":8},"end":{"line":345,"column":14}},"228":{"start":{"line":347,"column":8},"end":{"line":347,"column":58}},"229":{"start":{"line":348,"column":8},"end":{"line":348,"column":25}},"230":{"start":{"line":349,"column":8},"end":{"line":349,"column":14}},"231":{"start":{"line":351,"column":8},"end":{"line":351,"column":58}},"232":{"start":{"line":352,"column":8},"end":{"line":352,"column":25}},"233":{"start":{"line":353,"column":8},"end":{"line":353,"column":14}},"234":{"start":{"line":355,"column":8},"end":{"line":355,"column":58}},"235":{"start":{"line":356,"column":8},"end":{"line":356,"column":25}},"236":{"start":{"line":357,"column":8},"end":{"line":357,"column":14}},"237":{"start":{"line":359,"column":8},"end":{"line":359,"column":14}},"238":{"start":{"line":361,"column":8},"end":{"line":361,"column":65}},"239":{"start":{"line":362,"column":8},"end":{"line":362,"column":14}},"240":{"start":{"line":366,"column":2},"end":{"line":401,"column":3}},"241":{"start":{"line":367,"column":4},"end":{"line":400,"column":5}},"242":{"start":{"line":369,"column":9},"end":{"line":375,"column":10}},"243":{"start":{"line":370,"column":12},"end":{"line":374,"column":13}},"244":{"start":{"line":371,"column":15},"end":{"line":371,"column":34}},"245":{"start":{"line":373,"column":15},"end":{"line":373,"column":47}},"246":{"start":{"line":376,"column":9},"end":{"line":376,"column":15}},"247":{"start":{"line":378,"column":9},"end":{"line":378,"column":28}},"248":{"start":{"line":379,"column":9},"end":{"line":379,"column":26}},"249":{"start":{"line":380,"column":9},"end":{"line":380,"column":15}},"250":{"start":{"line":382,"column":9},"end":{"line":384,"column":10}},"251":{"start":{"line":383,"column":12},"end":{"line":383,"column":44}},"252":{"start":{"line":385,"column":9},"end":{"line":385,"column":15}},"253":{"start":{"line":387,"column":9},"end":{"line":387,"column":28}},"254":{"start":{"line":388,"column":9},"end":{"line":388,"column":26}},"255":{"start":{"line":389,"column":9},"end":{"line":389,"column":15}},"256":{"start":{"line":391,"column":9},"end":{"line":393,"column":10}},"257":{"start":{"line":392,"column":12},"end":{"line":392,"column":44}},"258":{"start":{"line":394,"column":9},"end":{"line":394,"column":15}},"259":{"start":{"line":396,"column":9},"end":{"line":396,"column":15}},"260":{"start":{"line":398,"column":9},"end":{"line":398,"column":57}},"261":{"start":{"line":399,"column":9},"end":{"line":399,"column":15}},"262":{"start":{"line":403,"column":2},"end":{"line":479,"column":3}},"263":{"start":{"line":404,"column":4},"end":{"line":478,"column":5}},"264":{"start":{"line":406,"column":9},"end":{"line":419,"column":10}},"265":{"start":{"line":407,"column":12},"end":{"line":407,"column":74}},"266":{"start":{"line":408,"column":12},"end":{"line":408,"column":29}},"267":{"start":{"line":409,"column":16},"end":{"line":419,"column":10}},"268":{"start":{"line":410,"column":12},"end":{"line":410,"column":30}},"269":{"start":{"line":411,"column":12},"end":{"line":411,"column":29}},"270":{"start":{"line":413,"column":12},"end":{"line":413,"column":34}},"271":{"start":{"line":414,"column":12},"end":{"line":414,"column":29}},"272":{"start":{"line":415,"column":12},"end":{"line":415,"column":29}},"273":{"start":{"line":416,"column":12},"end":{"line":416,"column":29}},"274":{"start":{"line":417,"column":12},"end":{"line":417,"column":29}},"275":{"start":{"line":418,"column":12},"end":{"line":418,"column":29}},"276":{"start":{"line":420,"column":9},"end":{"line":420,"column":15}},"277":{"start":{"line":422,"column":9},"end":{"line":432,"column":10}},"278":{"start":{"line":423,"column":12},"end":{"line":423,"column":74}},"279":{"start":{"line":424,"column":12},"end":{"line":424,"column":29}},"280":{"start":{"line":426,"column":12},"end":{"line":426,"column":34}},"281":{"start":{"line":427,"column":12},"end":{"line":427,"column":29}},"282":{"start":{"line":428,"column":12},"end":{"line":428,"column":29}},"283":{"start":{"line":429,"column":12},"end":{"line":429,"column":29}},"284":{"start":{"line":430,"column":12},"end":{"line":430,"column":29}},"285":{"start":{"line":431,"column":12},"end":{"line":431,"column":29}},"286":{"start":{"line":433,"column":9},"end":{"line":433,"column":15}},"287":{"start":{"line":435,"column":9},"end":{"line":445,"column":10}},"288":{"start":{"line":436,"column":12},"end":{"line":436,"column":74}},"289":{"start":{"line":437,"column":12},"end":{"line":437,"column":29}},"290":{"start":{"line":439,"column":12},"end":{"line":439,"column":34}},"291":{"start":{"line":440,"column":12},"end":{"line":440,"column":29}},"292":{"start":{"line":441,"column":12},"end":{"line":441,"column":29}},"293":{"start":{"line":442,"column":12},"end":{"line":442,"column":29}},"294":{"start":{"line":443,"column":12},"end":{"line":443,"column":29}},"295":{"start":{"line":444,"column":12},"end":{"line":444,"column":29}},"296":{"start":{"line":446,"column":9},"end":{"line":446,"column":15}},"297":{"start":{"line":448,"column":9},"end":{"line":458,"column":10}},"298":{"start":{"line":449,"column":12},"end":{"line":449,"column":74}},"299":{"start":{"line":450,"column":12},"end":{"line":450,"column":29}},"300":{"start":{"line":452,"column":12},"end":{"line":452,"column":34}},"301":{"start":{"line":453,"column":12},"end":{"line":453,"column":29}},"302":{"start":{"line":454,"column":12},"end":{"line":454,"column":29}},"303":{"start":{"line":455,"column":12},"end":{"line":455,"column":29}},"304":{"start":{"line":456,"column":12},"end":{"line":456,"column":29}},"305":{"start":{"line":457,"column":12},"end":{"line":457,"column":29}},"306":{"start":{"line":459,"column":9},"end":{"line":459,"column":15}},"307":{"start":{"line":461,"column":9},"end":{"line":471,"column":10}},"308":{"start":{"line":462,"column":12},"end":{"line":462,"column":74}},"309":{"start":{"line":463,"column":12},"end":{"line":463,"column":29}},"310":{"start":{"line":465,"column":12},"end":{"line":465,"column":34}},"311":{"start":{"line":466,"column":12},"end":{"line":466,"column":29}},"312":{"start":{"line":467,"column":12},"end":{"line":467,"column":29}},"313":{"start":{"line":468,"column":12},"end":{"line":468,"column":29}},"314":{"start":{"line":469,"column":12},"end":{"line":469,"column":29}},"315":{"start":{"line":470,"column":12},"end":{"line":470,"column":29}},"316":{"start":{"line":472,"column":9},"end":{"line":472,"column":15}},"317":{"start":{"line":474,"column":9},"end":{"line":474,"column":15}},"318":{"start":{"line":476,"column":9},"end":{"line":476,"column":60}},"319":{"start":{"line":477,"column":9},"end":{"line":477,"column":15}},"320":{"start":{"line":481,"column":2},"end":{"line":505,"column":4}}},"branchMap":{"1":{"line":65,"type":"if","locations":[{"start":{"line":65,"column":4},"end":{"line":65,"column":4}},{"start":{"line":65,"column":4},"end":{"line":65,"column":4}}]},"2":{"line":68,"type":"if","locations":[{"start":{"line":68,"column":9},"end":{"line":68,"column":9}},{"start":{"line":68,"column":9},"end":{"line":68,"column":9}}]},"3":{"line":69,"type":"if","locations":[{"start":{"line":69,"column":6},"end":{"line":69,"column":6}},{"start":{"line":69,"column":6},"end":{"line":69,"column":6}}]},"4":{"line":74,"type":"if","locations":[{"start":{"line":74,"column":9},"end":{"line":74,"column":9}},{"start":{"line":74,"column":9},"end":{"line":74,"column":9}}]},"5":{"line":77,"type":"if","locations":[{"start":{"line":77,"column":9},"end":{"line":77,"column":9}},{"start":{"line":77,"column":9},"end":{"line":77,"column":9}}]},"6":{"line":80,"type":"if","locations":[{"start":{"line":80,"column":9},"end":{"line":80,"column":9}},{"start":{"line":80,"column":9},"end":{"line":80,"column":9}}]},"7":{"line":83,"type":"if","locations":[{"start":{"line":83,"column":9},"end":{"line":83,"column":9}},{"start":{"line":83,"column":9},"end":{"line":83,"column":9}}]},"8":{"line":86,"type":"if","locations":[{"start":{"line":86,"column":9},"end":{"line":86,"column":9}},{"start":{"line":86,"column":9},"end":{"line":86,"column":9}}]},"9":{"line":96,"type":"if","locations":[{"start":{"line":96,"column":5},"end":{"line":96,"column":5}},{"start":{"line":96,"column":5},"end":{"line":96,"column":5}}]},"10":{"line":96,"type":"binary-expr","locations":[{"start":{"line":96,"column":9},"end":{"line":96,"column":28}},{"start":{"line":96,"column":32},"end":{"line":96,"column":43}}]},"11":{"line":98,"type":"if","locations":[{"start":{"line":98,"column":12},"end":{"line":98,"column":12}},{"start":{"line":98,"column":12},"end":{"line":98,"column":12}}]},"12":{"line":108,"type":"if","locations":[{"start":{"line":108,"column":5},"end":{"line":108,"column":5}},{"start":{"line":108,"column":5},"end":{"line":108,"column":5}}]},"13":{"line":108,"type":"binary-expr","locations":[{"start":{"line":108,"column":10},"end":{"line":108,"column":12}},{"start":{"line":108,"column":16},"end":{"line":108,"column":18}}]},"14":{"line":111,"type":"if","locations":[{"start":{"line":111,"column":5},"end":{"line":111,"column":5}},{"start":{"line":111,"column":5},"end":{"line":111,"column":5}}]},"15":{"line":114,"type":"if","locations":[{"start":{"line":114,"column":5},"end":{"line":114,"column":5}},{"start":{"line":114,"column":5},"end":{"line":114,"column":5}}]},"16":{"line":117,"type":"if","locations":[{"start":{"line":117,"column":5},"end":{"line":117,"column":5}},{"start":{"line":117,"column":5},"end":{"line":117,"column":5}}]},"17":{"line":120,"type":"if","locations":[{"start":{"line":120,"column":5},"end":{"line":120,"column":5}},{"start":{"line":120,"column":5},"end":{"line":120,"column":5}}]},"18":{"line":121,"type":"if","locations":[{"start":{"line":121,"column":8},"end":{"line":121,"column":8}},{"start":{"line":121,"column":8},"end":{"line":121,"column":8}}]},"19":{"line":129,"type":"if","locations":[{"start":{"line":129,"column":4},"end":{"line":129,"column":4}},{"start":{"line":129,"column":4},"end":{"line":129,"column":4}}]},"20":{"line":129,"type":"binary-expr","locations":[{"start":{"line":129,"column":8},"end":{"line":129,"column":30}},{"start":{"line":129,"column":34},"end":{"line":129,"column":54}}]},"21":{"line":132,"type":"if","locations":[{"start":{"line":132,"column":4},"end":{"line":132,"column":4}},{"start":{"line":132,"column":4},"end":{"line":132,"column":4}}]},"22":{"line":132,"type":"binary-expr","locations":[{"start":{"line":132,"column":8},"end":{"line":132,"column":26}},{"start":{"line":132,"column":30},"end":{"line":132,"column":48}}]},"23":{"line":136,"type":"if","locations":[{"start":{"line":136,"column":4},"end":{"line":136,"column":4}},{"start":{"line":136,"column":4},"end":{"line":136,"column":4}}]},"24":{"line":145,"type":"if","locations":[{"start":{"line":145,"column":4},"end":{"line":145,"column":4}},{"start":{"line":145,"column":4},"end":{"line":145,"column":4}}]},"25":{"line":145,"type":"binary-expr","locations":[{"start":{"line":145,"column":8},"end":{"line":145,"column":30}},{"start":{"line":145,"column":34},"end":{"line":145,"column":54}}]},"26":{"line":146,"type":"if","locations":[{"start":{"line":146,"column":4},"end":{"line":146,"column":4}},{"start":{"line":146,"column":4},"end":{"line":146,"column":4}}]},"27":{"line":146,"type":"binary-expr","locations":[{"start":{"line":146,"column":8},"end":{"line":146,"column":26}},{"start":{"line":146,"column":30},"end":{"line":146,"column":48}}]},"28":{"line":150,"type":"if","locations":[{"start":{"line":150,"column":4},"end":{"line":150,"column":4}},{"start":{"line":150,"column":4},"end":{"line":150,"column":4}}]},"29":{"line":159,"type":"if","locations":[{"start":{"line":159,"column":4},"end":{"line":159,"column":4}},{"start":{"line":159,"column":4},"end":{"line":159,"column":4}}]},"30":{"line":159,"type":"binary-expr","locations":[{"start":{"line":159,"column":8},"end":{"line":159,"column":30}},{"start":{"line":159,"column":34},"end":{"line":159,"column":54}}]},"31":{"line":160,"type":"if","locations":[{"start":{"line":160,"column":4},"end":{"line":160,"column":4}},{"start":{"line":160,"column":4},"end":{"line":160,"column":4}}]},"32":{"line":160,"type":"binary-expr","locations":[{"start":{"line":160,"column":8},"end":{"line":160,"column":25}},{"start":{"line":160,"column":29},"end":{"line":160,"column":46}},{"start":{"line":160,"column":50},"end":{"line":160,"column":67}}]},"33":{"line":187,"type":"if","locations":[{"start":{"line":187,"column":6},"end":{"line":187,"column":6}},{"start":{"line":187,"column":6},"end":{"line":187,"column":6}}]},"34":{"line":187,"type":"binary-expr","locations":[{"start":{"line":187,"column":10},"end":{"line":187,"column":36}},{"start":{"line":187,"column":40},"end":{"line":187,"column":66}}]},"35":{"line":189,"type":"if","locations":[{"start":{"line":189,"column":13},"end":{"line":189,"column":13}},{"start":{"line":189,"column":13},"end":{"line":189,"column":13}}]},"36":{"line":189,"type":"binary-expr","locations":[{"start":{"line":189,"column":17},"end":{"line":189,"column":40}},{"start":{"line":189,"column":44},"end":{"line":189,"column":67}}]},"37":{"line":191,"type":"if","locations":[{"start":{"line":191,"column":13},"end":{"line":191,"column":13}},{"start":{"line":191,"column":13},"end":{"line":191,"column":13}}]},"38":{"line":193,"type":"if","locations":[{"start":{"line":193,"column":13},"end":{"line":193,"column":13}},{"start":{"line":193,"column":13},"end":{"line":193,"column":13}}]},"39":{"line":193,"type":"binary-expr","locations":[{"start":{"line":193,"column":17},"end":{"line":193,"column":35}},{"start":{"line":193,"column":39},"end":{"line":193,"column":57}}]},"40":{"line":195,"type":"if","locations":[{"start":{"line":195,"column":13},"end":{"line":195,"column":13}},{"start":{"line":195,"column":13},"end":{"line":195,"column":13}}]},"41":{"line":195,"type":"binary-expr","locations":[{"start":{"line":195,"column":17},"end":{"line":195,"column":35}},{"start":{"line":195,"column":39},"end":{"line":195,"column":57}},{"start":{"line":195,"column":61},"end":{"line":195,"column":79}}]},"42":{"line":197,"type":"if","locations":[{"start":{"line":197,"column":13},"end":{"line":197,"column":13}},{"start":{"line":197,"column":13},"end":{"line":197,"column":13}}]},"43":{"line":197,"type":"binary-expr","locations":[{"start":{"line":197,"column":17},"end":{"line":197,"column":35}},{"start":{"line":197,"column":39},"end":{"line":197,"column":57}}]},"44":{"line":199,"type":"if","locations":[{"start":{"line":199,"column":13},"end":{"line":199,"column":13}},{"start":{"line":199,"column":13},"end":{"line":199,"column":13}}]},"45":{"line":199,"type":"binary-expr","locations":[{"start":{"line":199,"column":17},"end":{"line":199,"column":35}},{"start":{"line":199,"column":39},"end":{"line":199,"column":57}}]},"46":{"line":206,"type":"if","locations":[{"start":{"line":206,"column":4},"end":{"line":206,"column":4}},{"start":{"line":206,"column":4},"end":{"line":206,"column":4}}]},"47":{"line":207,"type":"if","locations":[{"start":{"line":207,"column":7},"end":{"line":207,"column":7}},{"start":{"line":207,"column":7},"end":{"line":207,"column":7}}]},"48":{"line":213,"type":"if","locations":[{"start":{"line":213,"column":4},"end":{"line":213,"column":4}},{"start":{"line":213,"column":4},"end":{"line":213,"column":4}}]},"49":{"line":216,"type":"if","locations":[{"start":{"line":216,"column":4},"end":{"line":216,"column":4}},{"start":{"line":216,"column":4},"end":{"line":216,"column":4}}]},"50":{"line":233,"type":"switch","locations":[{"start":{"line":234,"column":6},"end":{"line":241,"column":14}},{"start":{"line":242,"column":6},"end":{"line":249,"column":14}},{"start":{"line":250,"column":6},"end":{"line":257,"column":14}},{"start":{"line":258,"column":6},"end":{"line":261,"column":15}},{"start":{"line":262,"column":6},"end":{"line":267,"column":15}},{"start":{"line":268,"column":6},"end":{"line":269,"column":15}},{"start":{"line":270,"column":6},"end":{"line":272,"column":15}}]},"51":{"line":236,"type":"if","locations":[{"start":{"line":236,"column":8},"end":{"line":236,"column":8}},{"start":{"line":236,"column":8},"end":{"line":236,"column":8}}]},"52":{"line":236,"type":"binary-expr","locations":[{"start":{"line":236,"column":12},"end":{"line":236,"column":30}},{"start":{"line":236,"column":34},"end":{"line":236,"column":53}}]},"53":{"line":238,"type":"if","locations":[{"start":{"line":238,"column":15},"end":{"line":238,"column":15}},{"start":{"line":238,"column":15},"end":{"line":238,"column":15}}]},"54":{"line":244,"type":"if","locations":[{"start":{"line":244,"column":8},"end":{"line":244,"column":8}},{"start":{"line":244,"column":8},"end":{"line":244,"column":8}}]},"55":{"line":244,"type":"binary-expr","locations":[{"start":{"line":244,"column":12},"end":{"line":244,"column":30}},{"start":{"line":244,"column":34},"end":{"line":244,"column":53}}]},"56":{"line":246,"type":"if","locations":[{"start":{"line":246,"column":15},"end":{"line":246,"column":15}},{"start":{"line":246,"column":15},"end":{"line":246,"column":15}}]},"57":{"line":251,"type":"if","locations":[{"start":{"line":251,"column":8},"end":{"line":251,"column":8}},{"start":{"line":251,"column":8},"end":{"line":251,"column":8}}]},"58":{"line":251,"type":"binary-expr","locations":[{"start":{"line":251,"column":12},"end":{"line":251,"column":30}},{"start":{"line":251,"column":34},"end":{"line":251,"column":53}}]},"59":{"line":253,"type":"if","locations":[{"start":{"line":253,"column":15},"end":{"line":253,"column":15}},{"start":{"line":253,"column":15},"end":{"line":253,"column":15}}]},"60":{"line":263,"type":"if","locations":[{"start":{"line":263,"column":9},"end":{"line":263,"column":9}},{"start":{"line":263,"column":9},"end":{"line":263,"column":9}}]},"61":{"line":278,"type":"switch","locations":[{"start":{"line":279,"column":6},"end":{"line":282,"column":15}},{"start":{"line":283,"column":6},"end":{"line":286,"column":15}},{"start":{"line":287,"column":6},"end":{"line":297,"column":15}},{"start":{"line":298,"column":6},"end":{"line":310,"column":15}},{"start":{"line":311,"column":6},"end":{"line":325,"column":15}},{"start":{"line":326,"column":6},"end":{"line":327,"column":15}},{"start":{"line":328,"column":6},"end":{"line":330,"column":15}}]},"62":{"line":288,"type":"if","locations":[{"start":{"line":288,"column":9},"end":{"line":288,"column":9}},{"start":{"line":288,"column":9},"end":{"line":288,"column":9}}]},"63":{"line":288,"type":"binary-expr","locations":[{"start":{"line":288,"column":14},"end":{"line":288,"column":33}},{"start":{"line":288,"column":37},"end":{"line":288,"column":56}},{"start":{"line":288,"column":62},"end":{"line":288,"column":79}},{"start":{"line":288,"column":83},"end":{"line":288,"column":100}}]},"64":{"line":299,"type":"if","locations":[{"start":{"line":299,"column":9},"end":{"line":299,"column":9}},{"start":{"line":299,"column":9},"end":{"line":299,"column":9}}]},"65":{"line":299,"type":"binary-expr","locations":[{"start":{"line":299,"column":13},"end":{"line":299,"column":30}},{"start":{"line":299,"column":34},"end":{"line":299,"column":51}}]},"66":{"line":312,"type":"if","locations":[{"start":{"line":312,"column":9},"end":{"line":312,"column":9}},{"start":{"line":312,"column":9},"end":{"line":312,"column":9}}]},"67":{"line":312,"type":"binary-expr","locations":[{"start":{"line":312,"column":13},"end":{"line":312,"column":30}},{"start":{"line":312,"column":34},"end":{"line":312,"column":51}}]},"68":{"line":335,"type":"switch","locations":[{"start":{"line":336,"column":6},"end":{"line":341,"column":14}},{"start":{"line":342,"column":6},"end":{"line":345,"column":14}},{"start":{"line":346,"column":6},"end":{"line":349,"column":14}},{"start":{"line":350,"column":6},"end":{"line":353,"column":14}},{"start":{"line":354,"column":6},"end":{"line":357,"column":14}},{"start":{"line":358,"column":6},"end":{"line":359,"column":14}},{"start":{"line":360,"column":6},"end":{"line":362,"column":14}}]},"69":{"line":337,"type":"if","locations":[{"start":{"line":337,"column":8},"end":{"line":337,"column":8}},{"start":{"line":337,"column":8},"end":{"line":337,"column":8}}]},"70":{"line":337,"type":"binary-expr","locations":[{"start":{"line":337,"column":12},"end":{"line":337,"column":35}},{"start":{"line":337,"column":39},"end":{"line":337,"column":58}}]},"71":{"line":367,"type":"switch","locations":[{"start":{"line":368,"column":6},"end":{"line":376,"column":15}},{"start":{"line":377,"column":6},"end":{"line":380,"column":15}},{"start":{"line":381,"column":6},"end":{"line":385,"column":15}},{"start":{"line":386,"column":6},"end":{"line":389,"column":15}},{"start":{"line":390,"column":6},"end":{"line":394,"column":15}},{"start":{"line":395,"column":6},"end":{"line":396,"column":15}},{"start":{"line":397,"column":6},"end":{"line":399,"column":15}}]},"72":{"line":369,"type":"if","locations":[{"start":{"line":369,"column":9},"end":{"line":369,"column":9}},{"start":{"line":369,"column":9},"end":{"line":369,"column":9}}]},"73":{"line":369,"type":"binary-expr","locations":[{"start":{"line":369,"column":13},"end":{"line":369,"column":44}},{"start":{"line":369,"column":48},"end":{"line":369,"column":71}}]},"74":{"line":370,"type":"if","locations":[{"start":{"line":370,"column":12},"end":{"line":370,"column":12}},{"start":{"line":370,"column":12},"end":{"line":370,"column":12}}]},"75":{"line":370,"type":"binary-expr","locations":[{"start":{"line":370,"column":16},"end":{"line":370,"column":34}},{"start":{"line":370,"column":38},"end":{"line":370,"column":57}}]},"76":{"line":382,"type":"if","locations":[{"start":{"line":382,"column":9},"end":{"line":382,"column":9}},{"start":{"line":382,"column":9},"end":{"line":382,"column":9}}]},"77":{"line":382,"type":"binary-expr","locations":[{"start":{"line":382,"column":13},"end":{"line":382,"column":44}},{"start":{"line":382,"column":48},"end":{"line":382,"column":71}}]},"78":{"line":391,"type":"if","locations":[{"start":{"line":391,"column":9},"end":{"line":391,"column":9}},{"start":{"line":391,"column":9},"end":{"line":391,"column":9}}]},"79":{"line":391,"type":"binary-expr","locations":[{"start":{"line":391,"column":13},"end":{"line":391,"column":44}},{"start":{"line":391,"column":48},"end":{"line":391,"column":71}}]},"80":{"line":404,"type":"switch","locations":[{"start":{"line":405,"column":6},"end":{"line":420,"column":15}},{"start":{"line":421,"column":6},"end":{"line":433,"column":15}},{"start":{"line":434,"column":6},"end":{"line":446,"column":15}},{"start":{"line":447,"column":6},"end":{"line":459,"column":15}},{"start":{"line":460,"column":6},"end":{"line":472,"column":15}},{"start":{"line":473,"column":6},"end":{"line":474,"column":15}},{"start":{"line":475,"column":6},"end":{"line":477,"column":15}}]},"81":{"line":406,"type":"if","locations":[{"start":{"line":406,"column":9},"end":{"line":406,"column":9}},{"start":{"line":406,"column":9},"end":{"line":406,"column":9}}]},"82":{"line":409,"type":"if","locations":[{"start":{"line":409,"column":16},"end":{"line":409,"column":16}},{"start":{"line":409,"column":16},"end":{"line":409,"column":16}}]},"83":{"line":409,"type":"binary-expr","locations":[{"start":{"line":409,"column":20},"end":{"line":409,"column":38}},{"start":{"line":409,"column":42},"end":{"line":409,"column":61}}]},"84":{"line":422,"type":"if","locations":[{"start":{"line":422,"column":9},"end":{"line":422,"column":9}},{"start":{"line":422,"column":9},"end":{"line":422,"column":9}}]},"85":{"line":435,"type":"if","locations":[{"start":{"line":435,"column":9},"end":{"line":435,"column":9}},{"start":{"line":435,"column":9},"end":{"line":435,"column":9}}]},"86":{"line":448,"type":"if","locations":[{"start":{"line":448,"column":9},"end":{"line":448,"column":9}},{"start":{"line":448,"column":9},"end":{"line":448,"column":9}}]},"87":{"line":461,"type":"if","locations":[{"start":{"line":461,"column":9},"end":{"line":461,"column":9}},{"start":{"line":461,"column":9},"end":{"line":461,"column":9}}]}}}}