TN:
SF:/home/peter/code/calculator/js/calculator.js
FN:5,(anonymous_1)
FN:17,setState
FN:21,getState
FN:25,sendKeyPress
FN:33,setKeyPress
FN:37,getKeyPress
FN:41,setScreenFlag
FN:45,getScreenFlag
FN:49,logInternals
FN:62,routeKeyPress
FN:92,trim
FN:105,operate
FN:128,reckonInside
FN:144,reckonOutside
FN:158,reckonAll
FN:168,divisionByZero
FN:186,setCalculatorState
FN:204,updateScreen
FN:221,clear
FN:232,setNumber
FN:276,setOperator
FN:334,flipSign
FN:366,appendDecimal
FN:403,calculateSquareRoot
FNF:24
FNH:0
FNDA:0,(anonymous_1)
FNDA:0,setState
FNDA:0,getState
FNDA:0,sendKeyPress
FNDA:0,setKeyPress
FNDA:0,getKeyPress
FNDA:0,setScreenFlag
FNDA:0,getScreenFlag
FNDA:0,logInternals
FNDA:0,routeKeyPress
FNDA:0,trim
FNDA:0,operate
FNDA:0,reckonInside
FNDA:0,reckonOutside
FNDA:0,reckonAll
FNDA:0,divisionByZero
FNDA:0,setCalculatorState
FNDA:0,updateScreen
FNDA:0,clear
FNDA:0,setNumber
FNDA:0,setOperator
FNDA:0,flipSign
FNDA:0,appendDecimal
FNDA:0,calculateSquareRoot
DA:5,1
DA:9,0
DA:12,0
DA:13,0
DA:14,0
DA:15,0
DA:17,1
DA:18,0
DA:21,1
DA:22,0
DA:25,1
DA:26,0
DA:27,0
DA:28,0
DA:29,0
DA:30,0
DA:33,1
DA:34,0
DA:37,1
DA:38,0
DA:41,1
DA:42,0
DA:45,1
DA:46,0
DA:49,1
DA:50,0
DA:51,0
DA:52,0
DA:53,0
DA:54,0
DA:55,0
DA:56,0
DA:57,0
DA:58,0
DA:59,0
DA:62,1
DA:63,0
DA:65,0
DA:66,0
DA:68,0
DA:69,0
DA:70,0
DA:72,0
DA:74,0
DA:75,0
DA:77,0
DA:78,0
DA:80,0
DA:81,0
DA:83,0
DA:84,0
DA:86,0
DA:87,0
DA:89,0
DA:92,1
DA:93,0
DA:94,0
DA:95,0
DA:96,0
DA:97,0
DA:98,0
DA:99,0
DA:100,0
DA:102,0
DA:105,1
DA:106,0
DA:107,0
DA:108,0
DA:109,0
DA:111,0
DA:112,0
DA:114,0
DA:115,0
DA:117,0
DA:118,0
DA:120,0
DA:121,0
DA:122,0
DA:124,0
DA:128,1
DA:129,0
DA:130,0
DA:132,0
DA:133,0
DA:134,0
DA:136,0
DA:137,0
DA:139,0
DA:140,0
DA:141,0
DA:144,1
DA:145,0
DA:146,0
DA:147,0
DA:148,0
DA:150,0
DA:151,0
DA:153,0
DA:154,0
DA:155,0
DA:158,1
DA:159,0
DA:160,0
DA:161,0
DA:162,0
DA:164,0
DA:168,1
DA:169,0
DA:170,0
DA:171,0
DA:186,1
DA:187,0
DA:188,0
DA:189,0
DA:190,0
DA:191,0
DA:192,0
DA:193,0
DA:194,0
DA:195,0
DA:196,0
DA:197,0
DA:198,0
DA:199,0
DA:200,0
DA:204,1
DA:205,0
DA:206,0
DA:207,0
DA:208,0
DA:210,0
DA:213,0
DA:214,0
DA:216,0
DA:217,0
DA:221,1
DA:222,0
DA:223,0
DA:224,0
DA:225,0
DA:226,0
DA:227,0
DA:228,0
DA:229,0
DA:232,1
DA:233,0
DA:235,0
DA:236,0
DA:237,0
DA:238,0
DA:239,0
DA:241,0
DA:243,0
DA:244,0
DA:245,0
DA:246,0
DA:247,0
DA:249,0
DA:251,0
DA:252,0
DA:253,0
DA:254,0
DA:256,0
DA:257,0
DA:259,0
DA:260,0
DA:261,0
DA:263,0
DA:264,0
DA:265,0
DA:267,0
DA:269,0
DA:271,0
DA:272,0
DA:276,1
DA:277,0
DA:278,0
DA:280,0
DA:281,0
DA:282,0
DA:284,0
DA:285,0
DA:286,0
DA:288,0
DA:289,0
DA:290,0
DA:292,0
DA:293,0
DA:294,0
DA:295,0
DA:297,0
DA:299,0
DA:300,0
DA:301,0
DA:302,0
DA:303,0
DA:304,0
DA:305,0
DA:307,0
DA:308,0
DA:310,0
DA:312,0
DA:313,0
DA:314,0
DA:315,0
DA:316,0
DA:317,0
DA:318,0
DA:320,0
DA:321,0
DA:322,0
DA:323,0
DA:325,0
DA:327,0
DA:329,0
DA:330,0
DA:334,1
DA:335,0
DA:337,0
DA:338,0
DA:339,0
DA:341,0
DA:343,0
DA:344,0
DA:345,0
DA:347,0
DA:348,0
DA:349,0
DA:351,0
DA:352,0
DA:353,0
DA:355,0
DA:356,0
DA:357,0
DA:359,0
DA:361,0
DA:362,0
DA:366,1
DA:367,0
DA:369,0
DA:370,0
DA:371,0
DA:373,0
DA:376,0
DA:378,0
DA:379,0
DA:380,0
DA:382,0
DA:383,0
DA:385,0
DA:387,0
DA:388,0
DA:389,0
DA:391,0
DA:392,0
DA:394,0
DA:396,0
DA:398,0
DA:399,0
DA:403,1
DA:404,0
DA:406,0
DA:407,0
DA:408,0
DA:409,0
DA:410,0
DA:411,0
DA:413,0
DA:414,0
DA:415,0
DA:416,0
DA:417,0
DA:418,0
DA:420,0
DA:422,0
DA:423,0
DA:424,0
DA:426,0
DA:427,0
DA:428,0
DA:429,0
DA:430,0
DA:431,0
DA:433,0
DA:435,0
DA:436,0
DA:437,0
DA:439,0
DA:440,0
DA:441,0
DA:442,0
DA:443,0
DA:444,0
DA:446,0
DA:448,0
DA:449,0
DA:450,0
DA:452,0
DA:453,0
DA:454,0
DA:455,0
DA:456,0
DA:457,0
DA:459,0
DA:461,0
DA:462,0
DA:463,0
DA:465,0
DA:466,0
DA:467,0
DA:468,0
DA:469,0
DA:470,0
DA:472,0
DA:474,0
DA:476,0
DA:477,0
DA:481,0
LF:318
LH:24
BRDA:65,1,0,0
BRDA:65,1,1,0
BRDA:68,2,0,0
BRDA:68,2,1,0
BRDA:69,3,0,0
BRDA:69,3,1,0
BRDA:74,4,0,0
BRDA:74,4,1,0
BRDA:77,5,0,0
BRDA:77,5,1,0
BRDA:80,6,0,0
BRDA:80,6,1,0
BRDA:83,7,0,0
BRDA:83,7,1,0
BRDA:86,8,0,0
BRDA:86,8,1,0
BRDA:96,9,0,0
BRDA:96,9,1,0
BRDA:96,10,0,0
BRDA:96,10,1,0
BRDA:98,11,0,0
BRDA:98,11,1,0
BRDA:108,12,0,0
BRDA:108,12,1,0
BRDA:108,13,0,0
BRDA:108,13,1,0
BRDA:111,14,0,0
BRDA:111,14,1,0
BRDA:114,15,0,0
BRDA:114,15,1,0
BRDA:117,16,0,0
BRDA:117,16,1,0
BRDA:120,17,0,0
BRDA:120,17,1,0
BRDA:121,18,0,0
BRDA:121,18,1,0
BRDA:129,19,0,0
BRDA:129,19,1,0
BRDA:129,20,0,0
BRDA:129,20,1,0
BRDA:132,21,0,0
BRDA:132,21,1,0
BRDA:132,22,0,0
BRDA:132,22,1,0
BRDA:136,23,0,0
BRDA:136,23,1,0
BRDA:145,24,0,0
BRDA:145,24,1,0
BRDA:145,25,0,0
BRDA:145,25,1,0
BRDA:146,26,0,0
BRDA:146,26,1,0
BRDA:146,27,0,0
BRDA:146,27,1,0
BRDA:150,28,0,0
BRDA:150,28,1,0
BRDA:159,29,0,0
BRDA:159,29,1,0
BRDA:159,30,0,0
BRDA:159,30,1,0
BRDA:160,31,0,0
BRDA:160,31,1,0
BRDA:160,32,0,0
BRDA:160,32,1,0
BRDA:160,32,2,0
BRDA:187,33,0,0
BRDA:187,33,1,0
BRDA:187,34,0,0
BRDA:187,34,1,0
BRDA:189,35,0,0
BRDA:189,35,1,0
BRDA:189,36,0,0
BRDA:189,36,1,0
BRDA:191,37,0,0
BRDA:191,37,1,0
BRDA:193,38,0,0
BRDA:193,38,1,0
BRDA:193,39,0,0
BRDA:193,39,1,0
BRDA:195,40,0,0
BRDA:195,40,1,0
BRDA:195,41,0,0
BRDA:195,41,1,0
BRDA:195,41,2,0
BRDA:197,42,0,0
BRDA:197,42,1,0
BRDA:197,43,0,0
BRDA:197,43,1,0
BRDA:199,44,0,0
BRDA:199,44,1,0
BRDA:199,45,0,0
BRDA:199,45,1,0
BRDA:206,46,0,0
BRDA:206,46,1,0
BRDA:207,47,0,0
BRDA:207,47,1,0
BRDA:213,48,0,0
BRDA:213,48,1,0
BRDA:216,49,0,0
BRDA:216,49,1,0
BRDA:233,50,0,0
BRDA:233,50,1,0
BRDA:233,50,2,0
BRDA:233,50,3,0
BRDA:233,50,4,0
BRDA:233,50,5,0
BRDA:233,50,6,0
BRDA:236,51,0,0
BRDA:236,51,1,0
BRDA:236,52,0,0
BRDA:236,52,1,0
BRDA:238,53,0,0
BRDA:238,53,1,0
BRDA:244,54,0,0
BRDA:244,54,1,0
BRDA:244,55,0,0
BRDA:244,55,1,0
BRDA:246,56,0,0
BRDA:246,56,1,0
BRDA:251,57,0,0
BRDA:251,57,1,0
BRDA:251,58,0,0
BRDA:251,58,1,0
BRDA:253,59,0,0
BRDA:253,59,1,0
BRDA:263,60,0,0
BRDA:263,60,1,0
BRDA:278,61,0,0
BRDA:278,61,1,0
BRDA:278,61,2,0
BRDA:278,61,3,0
BRDA:278,61,4,0
BRDA:278,61,5,0
BRDA:278,61,6,0
BRDA:288,62,0,0
BRDA:288,62,1,0
BRDA:288,63,0,0
BRDA:288,63,1,0
BRDA:288,63,2,0
BRDA:288,63,3,0
BRDA:299,64,0,0
BRDA:299,64,1,0
BRDA:299,65,0,0
BRDA:299,65,1,0
BRDA:312,66,0,0
BRDA:312,66,1,0
BRDA:312,67,0,0
BRDA:312,67,1,0
BRDA:335,68,0,0
BRDA:335,68,1,0
BRDA:335,68,2,0
BRDA:335,68,3,0
BRDA:335,68,4,0
BRDA:335,68,5,0
BRDA:335,68,6,0
BRDA:337,69,0,0
BRDA:337,69,1,0
BRDA:337,70,0,0
BRDA:337,70,1,0
BRDA:367,71,0,0
BRDA:367,71,1,0
BRDA:367,71,2,0
BRDA:367,71,3,0
BRDA:367,71,4,0
BRDA:367,71,5,0
BRDA:367,71,6,0
BRDA:369,72,0,0
BRDA:369,72,1,0
BRDA:369,73,0,0
BRDA:369,73,1,0
BRDA:370,74,0,0
BRDA:370,74,1,0
BRDA:370,75,0,0
BRDA:370,75,1,0
BRDA:382,76,0,0
BRDA:382,76,1,0
BRDA:382,77,0,0
BRDA:382,77,1,0
BRDA:391,78,0,0
BRDA:391,78,1,0
BRDA:391,79,0,0
BRDA:391,79,1,0
BRDA:404,80,0,0
BRDA:404,80,1,0
BRDA:404,80,2,0
BRDA:404,80,3,0
BRDA:404,80,4,0
BRDA:404,80,5,0
BRDA:404,80,6,0
BRDA:406,81,0,0
BRDA:406,81,1,0
BRDA:409,82,0,0
BRDA:409,82,1,0
BRDA:409,83,0,0
BRDA:409,83,1,0
BRDA:422,84,0,0
BRDA:422,84,1,0
BRDA:435,85,0,0
BRDA:435,85,1,0
BRDA:448,86,0,0
BRDA:448,86,1,0
BRDA:461,87,0,0
BRDA:461,87,1,0
BRF:203
BRH:0
end_of_record
